# JRE version: OpenJDK Runtime Environment (8.0_292-b10) (build 1.8.0_292-b10)
# Java VM: OpenJDK 64-Bit Server VM (25.292-b10 mixed mode bsd-amd64 compressed oops)
Heap:
 PSYoungGen      total 262144K, used 4564K [0x00000007aab00000, 0x00000007c0000000, 0x00000007c0000000)
  eden space 178176K, 2% used [0x00000007aab00000,0x00000007aaf75068,0x00000007b5900000)
  from space 83968K, 0% used [0x00000007bae00000,0x00000007bae00000,0x00000007c0000000)
  to   space 85504K, 0% used [0x00000007b5900000,0x00000007b5900000,0x00000007bac80000)
 ParOldGen       total 699392K, used 87858K [0x0000000780000000, 0x00000007aab00000, 0x00000007aab00000)
  object space 699392K, 12% used [0x0000000780000000,0x00000007855cc808,0x00000007aab00000)
 Metaspace       used 224227K, capacity 251978K, committed 259456K, reserved 1277952K
  class space    used 29212K, capacity 30777K, committed 31616K, reserved 1048576K
GC Heap History (10 events):
Event: 4277.109 GC heap before
{Heap before GC invocations=29 (full 5):
 PSYoungGen      total 184832K, used 184401K [0x00000007aab00000, 0x00000007c0000000, 0x00000007c0000000)
  eden space 173056K, 99% used [0x00000007aab00000,0x00000007b53f9300,0x00000007b5400000)
  from space 11776K, 96% used [0x00000007b5400000,0x00000007b5f1b4a8,0x00000007b5f80000)
  to   space 89088K, 0% used [0x00000007ba900000,0x00000007ba900000,0x00000007c0000000)
 ParOldGen       total 699392K, used 135991K [0x0000000780000000, 0x00000007aab00000, 0x00000007aab00000)
  object space 699392K, 19% used [0x0000000780000000,0x00000007884cdc70,0x00000007aab00000)
 Metaspace       used 229661K, capacity 259038K, committed 259200K, reserved 1277952K
  class space    used 29864K, capacity 31550K, committed 31616K, reserved 1048576K
Event: 4278.077 GC heap after
Heap after GC invocations=29 (full 5):
 PSYoungGen      total 261120K, used 15965K [0x00000007aab00000, 0x00000007c0000000, 0x00000007c0000000)
  eden space 172032K, 0% used [0x00000007aab00000,0x00000007aab00000,0x00000007b5300000)
  from space 89088K, 17% used [0x00000007ba900000,0x00000007bb897548,0x00000007c0000000)
  to   space 88064K, 0% used [0x00000007b5300000,0x00000007b5300000,0x00000007ba900000)
 ParOldGen       total 699392K, used 135999K [0x0000000780000000, 0x00000007aab00000, 0x00000007aab00000)
  object space 699392K, 19% used [0x0000000780000000,0x00000007884cfc70,0x00000007aab00000)
 Metaspace       used 229661K, capacity 259038K, committed 259200K, reserved 1277952K
  class space    used 29864K, capacity 31550K, committed 31616K, reserved 1048576K
}
Event: 4283.081 GC heap before
{Heap before GC invocations=30 (full 5):
 PSYoungGen      total 261120K, used 111721K [0x00000007aab00000, 0x00000007c0000000, 0x00000007c0000000)
  eden space 172032K, 55% used [0x00000007aab00000,0x00000007b08830b0,0x00000007b5300000)
  from space 89088K, 17% used [0x00000007ba900000,0x00000007bb897548,0x00000007c0000000)
  to   space 88064K, 0% used [0x00000007b5300000,0x00000007b5300000,0x00000007ba900000)
 ParOldGen       total 699392K, used 135999K [0x0000000780000000, 0x00000007aab00000, 0x00000007aab00000)
  object space 699392K, 19% used [0x0000000780000000,0x00000007884cfc70,0x00000007aab00000)
 Metaspace       used 229745K, capacity 259114K, committed 259456K, reserved 1277952K
  class space    used 29866K, capacity 31552K, committed 31616K, reserved 1048576K
Event: 4283.268 GC heap after
Heap after GC invocations=30 (full 5):
 PSYoungGen      total 260096K, used 39388K [0x00000007aab00000, 0x00000007c0000000, 0x00000007c0000000)
  eden space 172032K, 0% used [0x00000007aab00000,0x00000007aab00000,0x00000007b5300000)
  from space 88064K, 44% used [0x00000007b5300000,0x00000007b7977388,0x00000007ba900000)
  to   space 83968K, 0% used [0x00000007bae00000,0x00000007bae00000,0x00000007c0000000)
 ParOldGen       total 699392K, used 135999K [0x0000000780000000, 0x00000007aab00000, 0x00000007aab00000)
  object space 699392K, 19% used [0x0000000780000000,0x00000007884cfc70,0x00000007aab00000)
 Metaspace       used 229745K, capacity 259114K, committed 259456K, reserved 1277952K
  class space    used 29866K, capacity 31552K, committed 31616K, reserved 1048576K
}
Event: 4283.268 GC heap before
{Heap before GC invocations=31 (full 6):
 PSYoungGen      total 260096K, used 39388K [0x00000007aab00000, 0x00000007c0000000, 0x00000007c0000000)
  eden space 172032K, 0% used [0x00000007aab00000,0x00000007aab00000,0x00000007b5300000)
  from space 88064K, 44% used [0x00000007b5300000,0x00000007b7977388,0x00000007ba900000)
  to   space 83968K, 0% used [0x00000007bae00000,0x00000007bae00000,0x00000007c0000000)
 ParOldGen       total 699392K, used 135999K [0x0000000780000000, 0x00000007aab00000, 0x00000007aab00000)
  object space 699392K, 19% used [0x0000000780000000,0x00000007884cfc70,0x00000007aab00000)
 Metaspace       used 229745K, capacity 259114K, committed 259456K, reserved 1277952K
  class space    used 29866K, capacity 31552K, committed 31616K, reserved 1048576K
Event: 4286.158 GC heap after
Heap after GC invocations=31 (full 6):
 PSYoungGen      total 260096K, used 0K [0x00000007aab00000, 0x00000007c0000000, 0x00000007c0000000)
  eden space 172032K, 0% used [0x00000007aab00000,0x00000007aab00000,0x00000007b5300000)
  from space 88064K, 0% used [0x00000007b5300000,0x00000007b5300000,0x00000007ba900000)
  to   space 83968K, 0% used [0x00000007bae00000,0x00000007bae00000,0x00000007c0000000)
 ParOldGen       total 699392K, used 109632K [0x0000000780000000, 0x00000007aab00000, 0x00000007aab00000)
  object space 699392K, 15% used [0x0000000780000000,0x0000000786b10190,0x00000007aab00000)
 Metaspace       used 224225K, capacity 251978K, committed 259456K, reserved 1277952K
  class space    used 29211K, capacity 30777K, committed 31616K, reserved 1048576K
}
Event: 4286.294 GC heap before
{Heap before GC invocations=32 (full 6):
 PSYoungGen      total 260096K, used 1476K [0x00000007aab00000, 0x00000007c0000000, 0x00000007c0000000)
  eden space 172032K, 0% used [0x00000007aab00000,0x00000007aac71090,0x00000007b5300000)
  from space 88064K, 0% used [0x00000007b5300000,0x00000007b5300000,0x00000007ba900000)
  to   space 83968K, 0% used [0x00000007bae00000,0x00000007bae00000,0x00000007c0000000)
 ParOldGen       total 699392K, used 109632K [0x0000000780000000, 0x00000007aab00000, 0x00000007aab00000)
  object space 699392K, 15% used [0x0000000780000000,0x0000000786b10190,0x00000007aab00000)
 Metaspace       used 224227K, capacity 251978K, committed 259456K, reserved 1277952K
  class space    used 29212K, capacity 30777K, committed 31616K, reserved 1048576K
Event: 4286.323 GC heap after
Heap after GC invocations=32 (full 6):
 PSYoungGen      total 262144K, used 224K [0x00000007aab00000, 0x00000007c0000000, 0x00000007c0000000)
  eden space 178176K, 0% used [0x00000007aab00000,0x00000007aab00000,0x00000007b5900000)
  from space 83968K, 0% used [0x00000007bae00000,0x00000007bae38000,0x00000007c0000000)
  to   space 85504K, 0% used [0x00000007b5900000,0x00000007b5900000,0x00000007bac80000)
 ParOldGen       total 699392K, used 109632K [0x0000000780000000, 0x00000007aab00000, 0x00000007aab00000)
  object space 699392K, 15% used [0x0000000780000000,0x0000000786b10190,0x00000007aab00000)
 Metaspace       used 224227K, capacity 251978K, committed 259456K, reserved 1277952K
  class space    used 29212K, capacity 30777K, committed 31616K, reserved 1048576K
}
Event: 4286.323 GC heap before
{Heap before GC invocations=33 (full 7):
 PSYoungGen      total 262144K, used 224K [0x00000007aab00000, 0x00000007c0000000, 0x00000007c0000000)
  eden space 178176K, 0% used [0x00000007aab00000,0x00000007aab00000,0x00000007b5900000)
  from space 83968K, 0% used [0x00000007bae00000,0x00000007bae38000,0x00000007c0000000)
  to   space 85504K, 0% used [0x00000007b5900000,0x00000007b5900000,0x00000007bac80000)
 ParOldGen       total 699392K, used 109632K [0x0000000780000000, 0x00000007aab00000, 0x00000007aab00000)
  object space 699392K, 15% used [0x0000000780000000,0x0000000786b10190,0x00000007aab00000)
 Metaspace       used 224227K, capacity 251978K, committed 259456K, reserved 1277952K
  class space    used 29212K, capacity 30777K, committed 31616K, reserved 1048576K
Event: 4287.092 GC heap after
Heap after GC invocations=33 (full 7):
 PSYoungGen      total 262144K, used 0K [0x00000007aab00000, 0x00000007c0000000, 0x00000007c0000000)
  eden space 178176K, 0% used [0x00000007aab00000,0x00000007aab00000,0x00000007b5900000)
  from space 83968K, 0% used [0x00000007bae00000,0x00000007bae00000,0x00000007c0000000)
  to   space 85504K, 0% used [0x00000007b5900000,0x00000007b5900000,0x00000007bac80000)
 ParOldGen       total 699392K, used 87858K [0x0000000780000000, 0x00000007aab00000, 0x00000007aab00000)
  object space 699392K, 12% used [0x0000000780000000,0x00000007855cc808,0x00000007aab00000)
 Metaspace       used 224227K, capacity 251978K, committed 259456K, reserved 1277952K
  class space    used 29212K, capacity 30777K, committed 31616K, reserved 1048576K
}

